%!Adobe-FontList 1.20
%Locale:0x1809

%BeginFont
Handler:DirectoryHandler
FontType:TrueType
FontName:Arial-BoldMT
FamilyName:Arial
StyleName:Bold
FullName:Arial Bold
MenuName:Arial
StyleBits:2
WritingScript:Roman
OutlineFileName:\\visielifps01.eu.jnj.com\home$\ziwanek\EarlyTalentPrograms\EarlyTalentPrograms_apprenticeship Folder\Document fonts\arialbd.ttf
DataFormat:sfntData
hasSVG:no
VariableFontType:NonVariableFont
FileLength:971376
FileModTime:1506688887
WeightClass:700
WidthClass:5
AngleClass:0
NameArray:0,Mac,4,Arial Bold
NameArray:0,Win,1,Arial
%EndFont

%BeginFont
Handler:DirectoryHandler
FontType:TrueType
FontName:ArialMT
FamilyName:Arial
StyleName:Regular
FullName:Arial
MenuName:Arial
StyleBits:0
WritingScript:Roman
OutlineFileName:\\visielifps01.eu.jnj.com\home$\ziwanek\EarlyTalentPrograms\EarlyTalentPrograms_apprenticeship Folder\Document fonts\arial.ttf
DataFormat:sfntData
hasSVG:no
VariableFontType:NonVariableFont
FileLength:1027192
FileModTime:1506688887
WeightClass:400
WidthClass:5
AngleClass:0
NameArray:0,Mac,4,Arial
NameArray:0,Win,1,Arial
%EndFont

%BeginFont
Handler:DirectoryHandler
FontType:Type1
FontName:J&JCircular-Black
FamilyName:J&J Circular
StyleName:Black
FullName:J&J Circular Black
MenuName:J&J Circular Black
StyleBits:0
WritingScript:Roman
OutlineFileName:\\visielifps01.eu.jnj.com\home$\ziwanek\EarlyTalentPrograms\EarlyTalentPrograms_apprenticeship Folder\Document fonts\J&J Circular-Black_1.otf
DataFormat:sfntData
UsesStandardEncoding:yes
isCFF:yes
hasSVG:no
VariableFontType:NonVariableFont
FileLength:97240
FileModTime:1563453891
WeightClass:900
WidthClass:5
AngleClass:0
NameArray:0,Mac,4,J&J Circular Black
NameArray:0,Win,1,J&J Circular Black
NameArray:0,Win,16,J&J Circular
%EndFont

%BeginFont
Handler:DirectoryHandler
FontType:Type1
FontName:J&JCircular-Bold
FamilyName:J&J Circular
StyleName:Bold
FullName:J&J Circular Bold
MenuName:J&J Circular Bold
StyleBits:0
WritingScript:Roman
OutlineFileName:\\visielifps01.eu.jnj.com\home$\ziwanek\EarlyTalentPrograms\EarlyTalentPrograms_apprenticeship Folder\Document fonts\J&J Circular-Bold_0.otf
DataFormat:sfntData
UsesStandardEncoding:yes
isCFF:yes
hasSVG:no
VariableFontType:NonVariableFont
FileLength:97020
FileModTime:1563453962
WeightClass:700
WidthClass:5
AngleClass:0
NameArray:0,Mac,4,J&J Circular Bold
NameArray:0,Win,1,J&J Circular Bold
NameArray:0,Win,16,J&J Circular
%EndFont

%BeginFont
Handler:DirectoryHandler
FontType:Type1
FontName:J&JCircular-Book
FamilyName:J&J Circular
StyleName:Book
FullName:J&J Circular Book
MenuName:J&J Circular Book
StyleBits:0
WritingScript:Roman
OutlineFileName:\\visielifps01.eu.jnj.com\home$\ziwanek\EarlyTalentPrograms\EarlyTalentPrograms_apprenticeship Folder\Document fonts\J&J Circular-Book_0.otf
DataFormat:sfntData
UsesStandardEncoding:yes
isCFF:yes
hasSVG:no
VariableFontType:NonVariableFont
FileLength:88440
FileModTime:1563453963
WeightClass:450
WidthClass:5
AngleClass:0
NameArray:0,Mac,4,J&J Circular Book
NameArray:0,Win,1,J&J Circular Book
NameArray:0,Win,16,J&J Circular
%EndFont

%BeginFont
Handler:DirectoryHandler
FontType:Type1
FontName:J&JCircular-Light
FamilyName:J&J Circular
StyleName:Light
FullName:J&J Circular Light
MenuName:J&J Circular Light
StyleBits:0
WritingScript:Roman
OutlineFileName:\\visielifps01.eu.jnj.com\home$\ziwanek\EarlyTalentPrograms\EarlyTalentPrograms_apprenticeship Folder\Document fonts\J&J Circular-Light.otf
DataFormat:sfntData
UsesStandardEncoding:yes
isCFF:yes
hasSVG:no
VariableFontType:NonVariableFont
FileLength:68716
FileModTime:1530016840
WeightClass:300
WidthClass:5
AngleClass:0
NameArray:0,Mac,4,J&J Circular Light
NameArray:0,Win,1,J&J Circular Light
NameArray:0,Win,16,J&J Circular
%EndFont

